<?xml version="1.0" encoding="UTF-8"?>
<!-- Generated by org.testng.reporters.JUnitXMLReporter -->
<testsuite hostname="MacBook-Pro-de-Javier.local" name="Note4Curve" tests="4" failures="0" timestamp="26 May 2015 20:37:59 GMT" time="14978.752" errors="0">
  <testcase name="@BeforeMethod setupCapabilities" time="0.0" classname="com.mo2o.mcfc.testcases.DatosExistentes">
    <failure type="org.openqa.selenium.SessionNotCreatedException" message="A new session could not be created. (Original error: UiAutomator quit before it successfully launched) (WARNING: The server did not provide any stacktrace information)
Command duration or timeout: 14977.42 seconds
Build info: version: &amp;apos;2.45.0&amp;apos;, revision: &amp;apos;5017cb8&amp;apos;, time: &amp;apos;2015-02-26 23:59:50&amp;apos;
System info: host: &amp;apos;MacBook-Pro-de-Javier.local&amp;apos;, ip: &amp;apos;127.0.0.1&amp;apos;, os.name: &amp;apos;Mac OS X&amp;apos;, os.arch: &amp;apos;x86_64&amp;apos;, os.version: &amp;apos;10.10.2&amp;apos;, java.version: &amp;apos;1.7.0_51&amp;apos;
Driver info: io.appium.java_client.android.AndroidDriver">
      <![CDATA[org.openqa.selenium.SessionNotCreatedException: A new session could not be created. (Original error: UiAutomator quit before it successfully launched) (WARNING: The server did not provide any stacktrace information)
Command duration or timeout: 14977.42 seconds
Build info: version: '2.45.0', revision: '5017cb8', time: '2015-02-26 23:59:50'
System info: host: 'MacBook-Pro-de-Javier.local', ip: '127.0.0.1', os.name: 'Mac OS X', os.arch: 'x86_64', os.version: '10.10.2', java.version: '1.7.0_51'
Driver info: io.appium.java_client.android.AndroidDriver
	at org.openqa.selenium.remote.ErrorHandler.createThrowable(ErrorHandler.java:204)
	at org.openqa.selenium.remote.ErrorHandler.throwIfResponseFailed(ErrorHandler.java:156)
	at org.openqa.selenium.remote.RemoteWebDriver.execute(RemoteWebDriver.java:599)
	at io.appium.java_client.AppiumDriver.execute(AppiumDriver.java:180)
	at org.openqa.selenium.remote.RemoteWebDriver.startSession(RemoteWebDriver.java:240)
	at org.openqa.selenium.remote.RemoteWebDriver.<init>(RemoteWebDriver.java:126)
	at org.openqa.selenium.remote.RemoteWebDriver.<init>(RemoteWebDriver.java:153)
	at io.appium.java_client.AppiumDriver.<init>(AppiumDriver.java:109)
	at io.appium.java_client.android.AndroidDriver.<init>(AndroidDriver.java:39)
	at com.mo2o.mcfc.testcases.DatosExistentes.setupCapabilities(DatosExistentes.java:58)
	at java.util.concurrent.FutureTask.run(FutureTask.java:262)
	at java.util.concurrent.ThreadPoolExecutor.runWorker(ThreadPoolExecutor.java:1145)
	at java.util.concurrent.ThreadPoolExecutor$Worker.run(ThreadPoolExecutor.java:615)
	at java.lang.Thread.run(Thread.java:744)
... Removed 22 stack frames]]>
    </failure>
  </testcase> <!-- @BeforeMethod setupCapabilities -->
  <testcase name="@AfterMethod close" time="0.0" classname="com.mo2o.mcfc.testcases.DatosExistentes">
    <skipped/>
  </testcase> <!-- @AfterMethod close -->
  <testcase name="@BeforeMethod setupCapabilities" time="0.0" classname="com.mo2o.mcfc.testcases.DatosExistentes">
    <skipped/>
  </testcase> <!-- @BeforeMethod setupCapabilities -->
  <testcase name="@AfterMethod close" time="0.0" classname="com.mo2o.mcfc.testcases.DatosExistentes">
    <skipped/>
  </testcase> <!-- @AfterMethod close -->
  <testcase name="@BeforeMethod setupCapabilities" time="0.0" classname="com.mo2o.mcfc.testcases.DatosExistentes">
    <skipped/>
  </testcase> <!-- @BeforeMethod setupCapabilities -->
  <testcase name="@AfterMethod close" time="0.0" classname="com.mo2o.mcfc.testcases.DatosExistentes">
    <skipped/>
  </testcase> <!-- @AfterMethod close -->
  <testcase name="@BeforeMethod setupCapabilities" time="0.0" classname="com.mo2o.mcfc.testcases.DatosExistentes">
    <skipped/>
  </testcase> <!-- @BeforeMethod setupCapabilities -->
  <testcase name="@AfterMethod close" time="0.0" classname="com.mo2o.mcfc.testcases.DatosExistentes">
    <skipped/>
  </testcase> <!-- @AfterMethod close -->
  <testcase name="TC001" time="0.001" classname="com.mo2o.mcfc.testcases.DatosExistentes">
    <skipped/>
  </testcase> <!-- TC001 -->
  <testcase name="TC001" time="0.001" classname="com.mo2o.mcfc.testcases.DatosExistentes">
    <skipped/>
  </testcase> <!-- TC001 -->
  <testcase name="TC002" time="0.001" classname="com.mo2o.mcfc.testcases.DatosExistentes">
    <skipped/>
  </testcase> <!-- TC002 -->
  <testcase name="TC002" time="0.001" classname="com.mo2o.mcfc.testcases.DatosExistentes">
    <skipped/>
  </testcase> <!-- TC002 -->
</testsuite> <!-- Note4Curve -->
