<?xml version="1.0" encoding="UTF-8"?>
<!-- Generated by org.testng.reporters.JUnitXMLReporter -->
<testsuite hostname="MBP-de-Javier.localdomain" name="SGSV 5.0" tests="4" failures="0" timestamp="26 May 2015 16:29:18 GMT" time="57.555" errors="0">
  <testcase name="@BeforeMethod setupCapabilities" time="0.0" classname="com.mo2o.mcfc.testcases.DatosExistentes">
    <failure type="org.openqa.selenium.SessionNotCreatedException" message="A new session could not be created. (Original error: com.mcfc.citymatchday/com.mo2o.citymatchday.activities.SplashActivity never started. Current: com.mcfc.citymatchday/com.mo2o.citymatchday.activities.LoginActivity) (WARNING: The server did not provide any stacktrace information)
Command duration or timeout: 24.65 seconds
Build info: version: &amp;apos;2.45.0&amp;apos;, revision: &amp;apos;5017cb8&amp;apos;, time: &amp;apos;2015-02-26 23:59:50&amp;apos;
System info: host: &amp;apos;MBP-de-Javier.localdomain&amp;apos;, ip: &amp;apos;10.1.1.174&amp;apos;, os.name: &amp;apos;Mac OS X&amp;apos;, os.arch: &amp;apos;x86_64&amp;apos;, os.version: &amp;apos;10.10.2&amp;apos;, java.version: &amp;apos;1.7.0_51&amp;apos;
Driver info: io.appium.java_client.android.AndroidDriver">
      <![CDATA[org.openqa.selenium.SessionNotCreatedException: A new session could not be created. (Original error: com.mcfc.citymatchday/com.mo2o.citymatchday.activities.SplashActivity never started. Current: com.mcfc.citymatchday/com.mo2o.citymatchday.activities.LoginActivity) (WARNING: The server did not provide any stacktrace information)
Command duration or timeout: 24.65 seconds
Build info: version: '2.45.0', revision: '5017cb8', time: '2015-02-26 23:59:50'
System info: host: 'MBP-de-Javier.localdomain', ip: '10.1.1.174', os.name: 'Mac OS X', os.arch: 'x86_64', os.version: '10.10.2', java.version: '1.7.0_51'
Driver info: io.appium.java_client.android.AndroidDriver
	at org.openqa.selenium.remote.ErrorHandler.createThrowable(ErrorHandler.java:204)
	at org.openqa.selenium.remote.ErrorHandler.throwIfResponseFailed(ErrorHandler.java:156)
	at org.openqa.selenium.remote.RemoteWebDriver.execute(RemoteWebDriver.java:599)
	at io.appium.java_client.AppiumDriver.execute(AppiumDriver.java:180)
	at org.openqa.selenium.remote.RemoteWebDriver.startSession(RemoteWebDriver.java:240)
	at org.openqa.selenium.remote.RemoteWebDriver.<init>(RemoteWebDriver.java:126)
	at org.openqa.selenium.remote.RemoteWebDriver.<init>(RemoteWebDriver.java:153)
	at io.appium.java_client.AppiumDriver.<init>(AppiumDriver.java:109)
	at io.appium.java_client.android.AndroidDriver.<init>(AndroidDriver.java:39)
	at com.mo2o.mcfc.testcases.DatosExistentes.setupCapabilities(DatosExistentes.java:58)
	at java.util.concurrent.FutureTask.run(FutureTask.java:262)
	at java.util.concurrent.ThreadPoolExecutor.runWorker(ThreadPoolExecutor.java:1145)
	at java.util.concurrent.ThreadPoolExecutor$Worker.run(ThreadPoolExecutor.java:615)
	at java.lang.Thread.run(Thread.java:744)
... Removed 22 stack frames]]>
    </failure>
  </testcase> <!-- @BeforeMethod setupCapabilities -->
  <testcase name="@AfterMethod close" time="0.0" classname="com.mo2o.mcfc.testcases.DatosExistentes">
    <skipped/>
  </testcase> <!-- @AfterMethod close -->
  <testcase name="@BeforeMethod setupCapabilities" time="0.0" classname="com.mo2o.mcfc.testcases.DatosExistentes">
    <skipped/>
  </testcase> <!-- @BeforeMethod setupCapabilities -->
  <testcase name="@AfterMethod close" time="0.0" classname="com.mo2o.mcfc.testcases.DatosExistentes">
    <skipped/>
  </testcase> <!-- @AfterMethod close -->
  <testcase name="TC001" time="20.693" classname="com.mo2o.mcfc.testcases.DatosExistentes"/>
  <testcase name="TC001" time="0.001" classname="com.mo2o.mcfc.testcases.DatosExistentes"/>
  <testcase name="TC002" time="0.001" classname="com.mo2o.mcfc.testcases.DatosExistentes">
    <skipped/>
  </testcase> <!-- TC002 -->
  <testcase name="TC002" time="0.002" classname="com.mo2o.mcfc.testcases.DatosExistentes">
    <skipped/>
  </testcase> <!-- TC002 -->
</testsuite> <!-- SGSV 5.0 -->
