<?xml version="1.0" encoding="UTF-8"?>
<!-- Generated by org.testng.reporters.JUnitXMLReporter -->
<testsuite hostname="MacBook-Pro-de-Javier.local" name="Default test" tests="1" failures="0" timestamp="8 Sep 2015 20:28:41 GMT" time="4.905" errors="0">
  <testcase name="@BeforeTest createDriver" time="0.0" classname="com.mo2o.Iberostar.testcases.SmokeTest">
    <failure type="org.testng.TestNGException" message="
Parameter &amp;apos;Device_ID&amp;apos; is required by @Configuration on method createDriver but has not been marked @Optional or defined
in /private/var/folders/2d/9lyrxj_15k56zgn6gph3nfw40000gn/T/testng-eclipse-961657266/testng-customsuite.xml">
      <![CDATA[org.testng.TestNGException: 
Parameter 'Device_ID' is required by @Configuration on method createDriver but has not been marked @Optional or defined
in /private/var/folders/2d/9lyrxj_15k56zgn6gph3nfw40000gn/T/testng-eclipse-961657266/testng-customsuite.xml
	at org.testng.internal.Parameters.createParameters(Parameters.java:159)
	at org.testng.internal.Parameters.createParameters(Parameters.java:372)
	at org.testng.internal.Parameters.createConfigurationParameters(Parameters.java:90)
	at org.testng.internal.Invoker.invokeConfigurations(Invoker.java:199)
	at org.testng.internal.Invoker.invokeConfigurations(Invoker.java:140)
	at org.testng.TestRunner.beforeRun(TestRunner.java:645)
	at org.testng.TestRunner.run(TestRunner.java:613)
	at org.testng.SuiteRunner.runTest(SuiteRunner.java:357)
	at org.testng.SuiteRunner.runSequentially(SuiteRunner.java:352)
	at org.testng.SuiteRunner.privateRun(SuiteRunner.java:310)
	at org.testng.SuiteRunner.run(SuiteRunner.java:259)
	at org.testng.SuiteRunnerWorker.runSuite(SuiteRunnerWorker.java:52)
	at org.testng.SuiteRunnerWorker.run(SuiteRunnerWorker.java:86)
	at org.testng.TestNG.runSuitesSequentially(TestNG.java:1199)
	at org.testng.TestNG.runSuitesLocally(TestNG.java:1124)
	at org.testng.TestNG.run(TestNG.java:1032)
	at org.testng.remote.RemoteTestNG.run(RemoteTestNG.java:111)
	at org.testng.remote.RemoteTestNG.initAndRun(RemoteTestNG.java:204)
	at org.testng.remote.RemoteTestNG.main(RemoteTestNG.java:175)
]]>
    </failure>
  </testcase> <!-- @BeforeTest createDriver -->
  <testcase name="@BeforeTest init" time="0.0" classname="com.mo2o.Iberostar.testcases.SmokeTest">
    <skipped/>
  </testcase> <!-- @BeforeTest init -->
  <testcase name="@AfterTest tearDown" time="0.0" classname="com.mo2o.Iberostar.testcases.SmokeTest">
    <skipped/>
  </testcase> <!-- @AfterTest tearDown -->
  <testcase name="reservaHotelEMA" time="0.026" classname="com.mo2o.Iberostar.testcases.SmokeTest">
    <skipped/>
  </testcase> <!-- reservaHotelEMA -->
</testsuite> <!-- Default test -->
