<?xml version="1.0" encoding="UTF-8"?>
<testng-results skipped="0" failed="1" total="1" passed="0">
  <reporter-output>
  </reporter-output>
  <suite name="Suite" duration-ms="77987" started-at="2015-10-01T19:35:31Z" finished-at="2015-10-01T19:36:49Z">
    <groups>
    </groups>
    <test name="Smoketest" duration-ms="77987" started-at="2015-10-01T19:35:31Z" finished-at="2015-10-01T19:36:49Z">
      <class name="com.mo2o.Iberostar.testcases.SmokeTest">
        <test-method status="PASS" signature="setDriver()[pri:0, instance:com.mo2o.Iberostar.testcases.SmokeTest@57175e74]" name="setDriver" is-config="true" duration-ms="233" started-at="2015-10-01T21:35:31Z" finished-at="2015-10-01T21:35:31Z">
          <reporter-output>
          </reporter-output>
        </test-method> <!-- setDriver -->
        <test-method status="PASS" signature="createDriver(java.lang.String)[pri:0, instance:com.mo2o.Iberostar.testcases.SmokeTest@57175e74]" name="createDriver" is-config="true" duration-ms="36052" started-at="2015-10-01T21:35:31Z" finished-at="2015-10-01T21:36:07Z">
          <params>
            <param index="0">
              <value>
                <![CDATA[W3D7N15724001754]]>
              </value>
            </param>
          </params>
          <reporter-output>
          </reporter-output>
        </test-method> <!-- createDriver -->
        <test-method status="PASS" signature="iniciliador()[pri:0, instance:com.mo2o.Iberostar.testcases.SmokeTest@57175e74]" name="iniciliador" is-config="true" duration-ms="9988" started-at="2015-10-01T21:36:07Z" depends-on-methods="com.mo2o.Iberostar.testcases.TestBase.createDriver" finished-at="2015-10-01T21:36:17Z">
          <reporter-output>
          </reporter-output>
        </test-method> <!-- iniciliador -->
        <test-method status="FAIL" signature="reservaHotelEMEATarjeta(java.lang.String, java.lang.String, java.lang.String, java.lang.String, java.lang.String, java.lang.String, java.lang.String, java.lang.String, java.lang.String, java.lang.String, java.lang.reflect.Method)[pri:0, instance:com.mo2o.Iberostar.testcases.SmokeTest@57175e74]" name="reservaHotelEMEATarjeta" duration-ms="22765" started-at="2015-10-01T21:36:25Z" description="Verificar que no se puede crear cuentas con informacion erronea" data-provider="Reservas" finished-at="2015-10-01T21:36:48Z">
          <params>
            <param index="0">
              <value>
                <![CDATA[reservaHotelEMEATarjeta]]>
              </value>
            </param>
            <param index="1">
              <value>
                <![CDATA[hoteles]]>
              </value>
            </param>
            <param index="2">
              <value>
                <![CDATA[Esp]]>
              </value>
            </param>
            <param index="3">
              <value>
                <![CDATA[diz]]>
              </value>
            </param>
            <param index="4">
              <value>
                <![CDATA[Royal]]>
              </value>
            </param>
            <param index="5">
              <value>
                <![CDATA[1]]>
              </value>
            </param>
            <param index="6">
              <value>
                <![CDATA[Noviembre]]>
              </value>
            </param>
            <param index="7">
              <value>
                <![CDATA[02]]>
              </value>
            </param>
            <param index="8">
              <value>
                <![CDATA[Noviembre]]>
              </value>
            </param>
            <param index="9">
              <value>
                <![CDATA[08]]>
              </value>
            </param>
            <param index="10">
              <value>
                <![CDATA[public void com.mo2o.Iberostar.testcases.SmokeTest.reservaHotelEMEATarjeta(java.lang.String,java.lang.String,java.lang.String,java.lang.String,java.lang.String,java.lang.String,java.lang.String,java.lang.String,java.lang.String,java.lang.String,java.lang.reflect.Method) throws java.lang.Exception]]>
              </value>
            </param>
          </params>
          <exception class="java.lang.Error">
            <message>
              <![CDATA[Unresolved compilation problems: 
	The method selectTipoHabitacion(AppiumDriver<MobileElement>) is undefined for the type RegimenHabitacionScreen
	The method selectTipoTarifa(AppiumDriver<MobileElement>) is undefined for the type RegimenHabitacionScreen
]]>
            </message>
            <full-stacktrace>
              <![CDATA[java.lang.Error: Unresolved compilation problems: 
	The method selectTipoHabitacion(AppiumDriver<MobileElement>) is undefined for the type RegimenHabitacionScreen
	The method selectTipoTarifa(AppiumDriver<MobileElement>) is undefined for the type RegimenHabitacionScreen

	at com.mo2o.Iberostar.testcases.SmokeTest.reservaHotelEMEATarjeta(SmokeTest.java:46)
	at sun.reflect.NativeMethodAccessorImpl.invoke0(Native Method)
	at sun.reflect.NativeMethodAccessorImpl.invoke(NativeMethodAccessorImpl.java:57)
	at sun.reflect.DelegatingMethodAccessorImpl.invoke(DelegatingMethodAccessorImpl.java:43)
	at java.lang.reflect.Method.invoke(Method.java:491)
	at org.testng.internal.MethodInvocationHelper.invokeMethod(MethodInvocationHelper.java:85)
	at org.testng.internal.Invoker.invokeMethod(Invoker.java:659)
	at org.testng.internal.Invoker.invokeTestMethod(Invoker.java:845)
	at org.testng.internal.Invoker.invokeTestMethods(Invoker.java:1153)
	at org.testng.internal.TestMethodWorker.invokeTestMethods(TestMethodWorker.java:124)
	at org.testng.internal.TestMethodWorker.run(TestMethodWorker.java:108)
	at org.testng.TestRunner.privateRun(TestRunner.java:771)
	at org.testng.TestRunner.run(TestRunner.java:621)
	at org.testng.SuiteRunner.runTest(SuiteRunner.java:357)
	at org.testng.SuiteRunner.runSequentially(SuiteRunner.java:352)
	at org.testng.SuiteRunner.privateRun(SuiteRunner.java:310)
	at org.testng.SuiteRunner.run(SuiteRunner.java:259)
	at org.testng.SuiteRunnerWorker.runSuite(SuiteRunnerWorker.java:52)
	at org.testng.SuiteRunnerWorker.run(SuiteRunnerWorker.java:86)
	at org.testng.TestNG.runSuitesSequentially(TestNG.java:1199)
	at org.testng.TestNG.runSuitesLocally(TestNG.java:1124)
	at org.testng.TestNG.run(TestNG.java:1032)
	at org.testng.remote.RemoteTestNG.run(RemoteTestNG.java:111)
	at org.testng.remote.RemoteTestNG.initAndRun(RemoteTestNG.java:204)
	at org.testng.remote.RemoteTestNG.main(RemoteTestNG.java:175)
]]>
            </full-stacktrace>
          </exception> <!-- java.lang.Error -->
          <reporter-output>
          </reporter-output>
        </test-method> <!-- reservaHotelEMEATarjeta -->
        <test-method status="PASS" signature="tearDown()[pri:0, instance:com.mo2o.Iberostar.testcases.SmokeTest@57175e74]" name="tearDown" is-config="true" duration-ms="940" started-at="2015-10-01T21:36:48Z" finished-at="2015-10-01T21:36:49Z">
          <reporter-output>
          </reporter-output>
        </test-method> <!-- tearDown -->
      </class> <!-- com.mo2o.Iberostar.testcases.SmokeTest -->
    </test> <!-- Smoketest -->
  </suite> <!-- Suite -->
</testng-results>
