<?xml version="1.0" encoding="UTF-8"?>
<!-- Generated by org.testng.reporters.JUnitXMLReporter -->
<testsuite hostname="MBP-de-Javier.localdomain" name="Device2" tests="1" failures="1" timestamp="14 May 2015 15:49:38 GMT" time="28.097" errors="0">
  <testcase name="TC002" time="19.414" classname="com.mo2o.mcfc.testcases.DatosExistentes">
    <failure type="java.lang.AssertionError" message="Pasado expected [Password is not correct] but found [Password i not correct]">
      <![CDATA[java.lang.AssertionError: Pasado expected [Password is not correct] but found [Password i not correct]
	at com.mo2o.mcfc.functions.FunLogInScreen.veriLogInErroneo(FunLogInScreen.java:78)
	at com.mo2o.mcfc.testcases.DatosExistentes.TC002(DatosExistentes.java:82)
	at java.util.concurrent.FutureTask.run(FutureTask.java:262)
	at java.util.concurrent.ThreadPoolExecutor.runWorker(ThreadPoolExecutor.java:1145)
	at java.util.concurrent.ThreadPoolExecutor$Worker.run(ThreadPoolExecutor.java:615)
	at java.lang.Thread.run(Thread.java:744)
... Removed 20 stack frames]]>
    </failure>
  </testcase> <!-- TC002 -->
</testsuite> <!-- Device2 -->
