<?xml version="1.0" encoding="UTF-8"?>
<!-- Generated by org.testng.reporters.JUnitXMLReporter -->
<testsuite hostname="MBP-de-Javier.localdomain" name="Nexus5Blanco" tests="2" failures="0" timestamp="9 Jun 2015 13:23:16 GMT" time="5.182" errors="0">
  <testcase name="@BeforeMethod setupCapabilitiesAndroid" time="0.0" classname="com.mo2o.mcfc.testcases.Login">
    <failure type="org.openqa.selenium.SessionNotCreatedException" message="A new session could not be created. (Original error: The following desired capabilities are required, but were not provided: deviceName) (WARNING: The server did not provide any stacktrace information)
Command duration or timeout: 29 milliseconds
Build info: version: &amp;apos;2.45.0&amp;apos;, revision: &amp;apos;5017cb8&amp;apos;, time: &amp;apos;2015-02-26 23:59:50&amp;apos;
System info: host: &amp;apos;MBP-de-Javier.localdomain&amp;apos;, ip: &amp;apos;10.1.1.174&amp;apos;, os.name: &amp;apos;Mac OS X&amp;apos;, os.arch: &amp;apos;x86_64&amp;apos;, os.version: &amp;apos;10.10.2&amp;apos;, java.version: &amp;apos;1.7.0_51&amp;apos;
Driver info: io.appium.java_client.android.AndroidDriver">
      <![CDATA[org.openqa.selenium.SessionNotCreatedException: A new session could not be created. (Original error: The following desired capabilities are required, but were not provided: deviceName) (WARNING: The server did not provide any stacktrace information)
Command duration or timeout: 29 milliseconds
Build info: version: '2.45.0', revision: '5017cb8', time: '2015-02-26 23:59:50'
System info: host: 'MBP-de-Javier.localdomain', ip: '10.1.1.174', os.name: 'Mac OS X', os.arch: 'x86_64', os.version: '10.10.2', java.version: '1.7.0_51'
Driver info: io.appium.java_client.android.AndroidDriver
	at org.openqa.selenium.remote.ErrorHandler.createThrowable(ErrorHandler.java:204)
	at org.openqa.selenium.remote.ErrorHandler.throwIfResponseFailed(ErrorHandler.java:156)
	at org.openqa.selenium.remote.RemoteWebDriver.execute(RemoteWebDriver.java:599)
	at io.appium.java_client.AppiumDriver.execute(AppiumDriver.java:180)
	at org.openqa.selenium.remote.RemoteWebDriver.startSession(RemoteWebDriver.java:240)
	at org.openqa.selenium.remote.RemoteWebDriver.<init>(RemoteWebDriver.java:126)
	at org.openqa.selenium.remote.RemoteWebDriver.<init>(RemoteWebDriver.java:153)
	at io.appium.java_client.AppiumDriver.<init>(AppiumDriver.java:109)
	at io.appium.java_client.android.AndroidDriver.<init>(AndroidDriver.java:39)
	at com.mo2o.mcfc.testcases.TestBase.setupCapabilitiesAndroid(TestBase.java:53)
... Removed 30 stack frames]]>
    </failure>
  </testcase> <!-- @BeforeMethod setupCapabilitiesAndroid -->
  <testcase name="@AfterMethod close" time="0.0" classname="com.mo2o.mcfc.testcases.Login">
    <skipped/>
  </testcase> <!-- @AfterMethod close -->
  <testcase name="@BeforeMethod setupCapabilitiesAndroid" time="0.0" classname="com.mo2o.mcfc.testcases.Login">
    <skipped/>
  </testcase> <!-- @BeforeMethod setupCapabilitiesAndroid -->
  <testcase name="@AfterMethod close" time="0.0" classname="com.mo2o.mcfc.testcases.Login">
    <skipped/>
  </testcase> <!-- @AfterMethod close -->
  <testcase name="TC001" time="0.001" classname="com.mo2o.mcfc.testcases.Login">
    <skipped/>
  </testcase> <!-- TC001 -->
  <testcase name="TC001" time="0.004" classname="com.mo2o.mcfc.testcases.Login">
    <skipped/>
  </testcase> <!-- TC001 -->
</testsuite> <!-- Nexus5Blanco -->
