<?xml version="1.0" encoding="UTF-8"?>
<!-- Generated by org.testng.reporters.JUnitXMLReporter -->
<testsuite hostname="MBP-de-Javier.localdomain" name="Nexus" tests="4" failures="0" timestamp="9 Jun 2015 17:14:05 GMT" time="93.724" errors="0">
  <testcase name="TC001" time="24.873" classname="com.mo2o.mcfc.testcases.Login"/>
  <testcase name="TC001" time="0.001" classname="com.mo2o.mcfc.testcases.Login"/>
  <testcase name="TC002" time="0.001" classname="com.mo2o.mcfc.testcases.Login"/>
  <testcase name="TC002" time="25.424" classname="com.mo2o.mcfc.testcases.Login"/>
</testsuite> <!-- Nexus -->
