<?xml version="1.0" encoding="UTF-8"?>
<!-- Generated by org.testng.reporters.JUnitXMLReporter -->
<testsuite hostname="MBP-de-Javier.localdomain" name="Regresion" tests="1" failures="1" timestamp="4 Sep 2015 14:24:04 GMT" time="320.358" errors="0">
  <testcase name="@AfterTest tearDown" time="0.0" classname="com.mo2o.Carrefour.testcases.SmokeTest">
    <failure type="org.openqa.selenium.remote.SessionNotFoundException" message="
Command duration or timeout: 192 milliseconds
Build info: version: &amp;apos;2.47.1&amp;apos;, revision: &amp;apos;411b314&amp;apos;, time: &amp;apos;2015-07-30 03:03:16&amp;apos;
System info: host: &amp;apos;MBP-de-Javier.localdomain&amp;apos;, ip: &amp;apos;10.1.1.174&amp;apos;, os.name: &amp;apos;Mac OS X&amp;apos;, os.arch: &amp;apos;x86_64&amp;apos;, os.version: &amp;apos;10.10.5&amp;apos;, java.version: &amp;apos;1.8.0-ea&amp;apos;
Driver info: io.appium.java_client.android.AndroidDriver
Capabilities [{networkConnectionEnabled=true, warnings={}, databaseEnabled=false, deviceName=05157df5085b9c08, platform=LINUX, appActivity=com.munrodev.crfmobile.activities.SplashActivity, desired={appActivity=com.munrodev.crfmobile.activities.SplashActivity, automationName=Appium, androidPackage=com.munrodev.crfmobile, platformName=Android, udid=05157df5085b9c08, deviceName=05157df5085b9c08}, platformVersion=5.1.1, webStorageEnabled=false, locationContextEnabled=false, automationName=Appium, androidPackage=com.munrodev.crfmobile, browserName=Android, takesScreenshot=true, javascriptEnabled=true, platformName=Android, udid=05157df5085b9c08}]
Session ID: de6fa177-5525-4c40-89df-4aeda211af7a">
      <![CDATA[org.openqa.selenium.remote.SessionNotFoundException: 
Command duration or timeout: 192 milliseconds
Build info: version: '2.47.1', revision: '411b314', time: '2015-07-30 03:03:16'
System info: host: 'MBP-de-Javier.localdomain', ip: '10.1.1.174', os.name: 'Mac OS X', os.arch: 'x86_64', os.version: '10.10.5', java.version: '1.8.0-ea'
Driver info: io.appium.java_client.android.AndroidDriver
Capabilities [{networkConnectionEnabled=true, warnings={}, databaseEnabled=false, deviceName=05157df5085b9c08, platform=LINUX, appActivity=com.munrodev.crfmobile.activities.SplashActivity, desired={appActivity=com.munrodev.crfmobile.activities.SplashActivity, automationName=Appium, androidPackage=com.munrodev.crfmobile, platformName=Android, udid=05157df5085b9c08, deviceName=05157df5085b9c08}, platformVersion=5.1.1, webStorageEnabled=false, locationContextEnabled=false, automationName=Appium, androidPackage=com.munrodev.crfmobile, browserName=Android, takesScreenshot=true, javascriptEnabled=true, platformName=Android, udid=05157df5085b9c08}]
Session ID: de6fa177-5525-4c40-89df-4aeda211af7a
	at org.openqa.selenium.remote.ErrorHandler.createThrowable(ErrorHandler.java:206)
	at org.openqa.selenium.remote.ErrorHandler.throwIfResponseFailed(ErrorHandler.java:164)
	at org.openqa.selenium.remote.RemoteWebDriver.execute(RemoteWebDriver.java:595)
	at io.appium.java_client.DefaultGenericMobileDriver.execute(DefaultGenericMobileDriver.java:27)
	at io.appium.java_client.AppiumDriver.execute(AppiumDriver.java:272)
	at org.openqa.selenium.remote.RemoteWebDriver.quit(RemoteWebDriver.java:464)
	at com.mo2o.Carrefour.testcases.TestBase.tearDown(TestBase.java:128)
... Removed 26 stack frames]]>
    </failure>
  </testcase> <!-- @AfterTest tearDown -->
  <testcase name="CreacionKO" time="290.643" classname="com.mo2o.Carrefour.testcases.SmokeTest">
    <failure type="org.openqa.selenium.remote.SessionNotFoundException" message="
Command duration or timeout: 248 milliseconds
Build info: version: &amp;apos;2.47.1&amp;apos;, revision: &amp;apos;411b314&amp;apos;, time: &amp;apos;2015-07-30 03:03:16&amp;apos;
System info: host: &amp;apos;MBP-de-Javier.localdomain&amp;apos;, ip: &amp;apos;10.1.1.174&amp;apos;, os.name: &amp;apos;Mac OS X&amp;apos;, os.arch: &amp;apos;x86_64&amp;apos;, os.version: &amp;apos;10.10.5&amp;apos;, java.version: &amp;apos;1.8.0-ea&amp;apos;
Driver info: io.appium.java_client.android.AndroidDriver
Capabilities [{networkConnectionEnabled=true, warnings={}, databaseEnabled=false, deviceName=05157df5085b9c08, platform=LINUX, appActivity=com.munrodev.crfmobile.activities.SplashActivity, desired={appActivity=com.munrodev.crfmobile.activities.SplashActivity, automationName=Appium, androidPackage=com.munrodev.crfmobile, platformName=Android, udid=05157df5085b9c08, deviceName=05157df5085b9c08}, platformVersion=5.1.1, webStorageEnabled=false, locationContextEnabled=false, automationName=Appium, androidPackage=com.munrodev.crfmobile, browserName=Android, takesScreenshot=true, javascriptEnabled=true, platformName=Android, udid=05157df5085b9c08}]
Session ID: de6fa177-5525-4c40-89df-4aeda211af7a">
      <![CDATA[org.openqa.selenium.remote.SessionNotFoundException: 
Command duration or timeout: 248 milliseconds
Build info: version: '2.47.1', revision: '411b314', time: '2015-07-30 03:03:16'
System info: host: 'MBP-de-Javier.localdomain', ip: '10.1.1.174', os.name: 'Mac OS X', os.arch: 'x86_64', os.version: '10.10.5', java.version: '1.8.0-ea'
Driver info: io.appium.java_client.android.AndroidDriver
Capabilities [{networkConnectionEnabled=true, warnings={}, databaseEnabled=false, deviceName=05157df5085b9c08, platform=LINUX, appActivity=com.munrodev.crfmobile.activities.SplashActivity, desired={appActivity=com.munrodev.crfmobile.activities.SplashActivity, automationName=Appium, androidPackage=com.munrodev.crfmobile, platformName=Android, udid=05157df5085b9c08, deviceName=05157df5085b9c08}, platformVersion=5.1.1, webStorageEnabled=false, locationContextEnabled=false, automationName=Appium, androidPackage=com.munrodev.crfmobile, browserName=Android, takesScreenshot=true, javascriptEnabled=true, platformName=Android, udid=05157df5085b9c08}]
Session ID: de6fa177-5525-4c40-89df-4aeda211af7a
	at org.openqa.selenium.remote.ErrorHandler.createThrowable(ErrorHandler.java:206)
	at org.openqa.selenium.remote.ErrorHandler.throwIfResponseFailed(ErrorHandler.java:164)
	at org.openqa.selenium.remote.RemoteWebDriver.execute(RemoteWebDriver.java:595)
	at io.appium.java_client.DefaultGenericMobileDriver.execute(DefaultGenericMobileDriver.java:27)
	at io.appium.java_client.AppiumDriver.execute(AppiumDriver.java:1)
	at io.appium.java_client.android.AndroidDriver.execute(AndroidDriver.java:1)
	at org.openqa.selenium.remote.RemoteWebDriver$RemoteWebDriverOptions$RemoteTimeouts.implicitlyWait(RemoteWebDriver.java:774)
	at io.appium.java_client.pagefactory.AppiumElementLocator.changeImplicitlyWaitTimeOut(AppiumElementLocator.java:135)
	at io.appium.java_client.pagefactory.AppiumElementLocator.waitFor(AppiumElementLocator.java:153)
	at io.appium.java_client.pagefactory.AppiumElementLocator.findElement(AppiumElementLocator.java:165)
	at io.appium.java_client.pagefactory.ElementInterceptor.intercept(ElementInterceptor.java:30)
	at io.appium.java_client.android.AndroidElement$$EnhancerByCGLIB$$dcdf5e12.getText(<generated>)
	at com.mo2o.Carrefour.functions.RegistroScreen.createAccountOK(RegistroScreen.java:148)
	at com.mo2o.Carrefour.testcases.SmokeTest.CreacionKO(SmokeTest.java:38)
... Removed 28 stack frames]]>
    </failure>
  </testcase> <!-- CreacionKO -->
</testsuite> <!-- Regresion -->
