<?xml version="1.0" encoding="UTF-8"?>
<!-- Generated by org.testng.reporters.JUnitXMLReporter -->
<testsuite hostname="MBP-de-Javier.localdomain" name="S5" tests="2" failures="0" timestamp="20 Aug 2015 14:00:04 GMT" time="26.286" errors="0">
  <testcase name="@BeforeTest init" time="0.0" classname="com.mo2o.Carrefour.testcases.Registro">
    <failure type="java.lang.IllegalAccessError" message="tried to access method org.openqa.selenium.support.pagefactory.Annotations.assertValidAnnotations()V from class io.appium.java_client.pagefactory.AppiumAnnotations">
      <![CDATA[java.lang.IllegalAccessError: tried to access method org.openqa.selenium.support.pagefactory.Annotations.assertValidAnnotations()V from class io.appium.java_client.pagefactory.AppiumAnnotations
	at io.appium.java_client.pagefactory.AppiumAnnotations.assertValidAnnotations(AppiumAnnotations.java:205)
	at io.appium.java_client.pagefactory.AppiumAnnotations.buildBy(AppiumAnnotations.java:298)
	at io.appium.java_client.pagefactory.AppiumElementLocator.<init>(AppiumElementLocator.java:83)
	at io.appium.java_client.pagefactory.AppiumElementLocatorFactory.createLocator(AppiumElementLocatorFactory.java:26)
	at io.appium.java_client.pagefactory.AppiumFieldDecorator.decorate(AppiumFieldDecorator.java:82)
	at org.openqa.selenium.support.PageFactory.proxyFields(PageFactory.java:112)
	at org.openqa.selenium.support.PageFactory.initElements(PageFactory.java:104)
	at com.mo2o.Carrefour.functions.CommonFunctions.loadElements(CommonFunctions.java:65)
	at com.mo2o.Carrefour.functions.CommonFunctions.<init>(CommonFunctions.java:62)
	at com.mo2o.Carrefour.functions.RegistroScreen.<init>(RegistroScreen.java:24)
	at com.mo2o.Carrefour.testcases.Registro.init(Registro.java:21)
... Removed 22 stack frames]]>
    </failure>
  </testcase> <!-- @BeforeTest init -->
  <testcase name="@AfterTest tearDown" time="0.0" classname="com.mo2o.Carrefour.testcases.Registro">
    <skipped/>
  </testcase> <!-- @AfterTest tearDown -->
  <testcase name="CreacionKO" time="0.002" classname="com.mo2o.Carrefour.testcases.Registro">
    <skipped/>
  </testcase> <!-- CreacionKO -->
  <testcase name="CreacionKO" time="0.001" classname="com.mo2o.Carrefour.testcases.Registro">
    <skipped/>
  </testcase> <!-- CreacionKO -->
</testsuite> <!-- S5 -->
