<?xml version="1.0" encoding="UTF-8"?>
<!-- Generated by org.testng.reporters.JUnitXMLReporter -->
<testsuite hostname="MacBook-Pro-de-Javier.local" name="Smoketest" tests="1" failures="1" timestamp="27 Sep 2015 19:17:46 GMT" time="208.05" errors="0">
  <testcase name="reservaHotelEMEATarjeta" time="160.471" classname="com.mo2o.Iberostar.testcases.SmokeTest">
    <failure type="org.openqa.selenium.NoSuchElementException" message="An element could not be located on the page using the given search parameters. (WARNING: The server did not provide any stacktrace information)
Command duration or timeout: 80.89 seconds
For documentation on this error, please visit: http://seleniumhq.org/exceptions/no_such_element.html
Build info: version: &amp;apos;2.47.1&amp;apos;, revision: &amp;apos;411b314&amp;apos;, time: &amp;apos;2015-07-30 03:03:16&amp;apos;
System info: host: &amp;apos;MacBook-Pro-de-Javier.local&amp;apos;, ip: &amp;apos;192.168.1.102&amp;apos;, os.name: &amp;apos;Mac OS X&amp;apos;, os.arch: &amp;apos;x86_64&amp;apos;, os.version: &amp;apos;10.10.5&amp;apos;, java.version: &amp;apos;1.8.0-ea&amp;apos;
Driver info: io.appium.java_client.android.AndroidDriver
Capabilities [{networkConnectionEnabled=true, warnings={}, databaseEnabled=false, deviceName=W3D7N15724001754, platform=LINUX, appActivity=com.mo2o.iberostar.activities.HomeActivity, desired={appActivity=com.mo2o.iberostar.activities.HomeActivity, automationName=Appium, androidPackage=com.mo2o.iberostar, platformName=Android, udid=W3D7N15724001754, deviceName=W3D7N15724001754}, platformVersion=5.0, webStorageEnabled=false, locationContextEnabled=false, automationName=Appium, androidPackage=com.mo2o.iberostar, browserName=Android, takesScreenshot=true, javascriptEnabled=true, platformName=Android, udid=W3D7N15724001754}]
Session ID: 4af286ae-bc18-401f-8827-f2016a97e32e
*** Element info: {Using=-android uiautomator, value=new UiScrollable(new UiSelector().scrollable(true).instance(0)).scrollIntoView(new UiSelector().descriptionContains(&amp;quot;Elija tipo de tarifa&amp;quot;).instance(0));new UiScrollable(new UiSelector().scrollable(true).instance(0)).scrollIntoView(new UiSelector().textContains(&amp;quot;Elija tipo de tarifa&amp;quot;).instance(0));}">
      <![CDATA[org.openqa.selenium.NoSuchElementException: An element could not be located on the page using the given search parameters. (WARNING: The server did not provide any stacktrace information)
Command duration or timeout: 80.89 seconds
For documentation on this error, please visit: http://seleniumhq.org/exceptions/no_such_element.html
Build info: version: '2.47.1', revision: '411b314', time: '2015-07-30 03:03:16'
System info: host: 'MacBook-Pro-de-Javier.local', ip: '192.168.1.102', os.name: 'Mac OS X', os.arch: 'x86_64', os.version: '10.10.5', java.version: '1.8.0-ea'
Driver info: io.appium.java_client.android.AndroidDriver
Capabilities [{networkConnectionEnabled=true, warnings={}, databaseEnabled=false, deviceName=W3D7N15724001754, platform=LINUX, appActivity=com.mo2o.iberostar.activities.HomeActivity, desired={appActivity=com.mo2o.iberostar.activities.HomeActivity, automationName=Appium, androidPackage=com.mo2o.iberostar, platformName=Android, udid=W3D7N15724001754, deviceName=W3D7N15724001754}, platformVersion=5.0, webStorageEnabled=false, locationContextEnabled=false, automationName=Appium, androidPackage=com.mo2o.iberostar, browserName=Android, takesScreenshot=true, javascriptEnabled=true, platformName=Android, udid=W3D7N15724001754}]
Session ID: 4af286ae-bc18-401f-8827-f2016a97e32e
*** Element info: {Using=-android uiautomator, value=new UiScrollable(new UiSelector().scrollable(true).instance(0)).scrollIntoView(new UiSelector().descriptionContains("Elija tipo de tarifa").instance(0));new UiScrollable(new UiSelector().scrollable(true).instance(0)).scrollIntoView(new UiSelector().textContains("Elija tipo de tarifa").instance(0));}
	at org.openqa.selenium.remote.ErrorHandler.createThrowable(ErrorHandler.java:206)
	at org.openqa.selenium.remote.ErrorHandler.throwIfResponseFailed(ErrorHandler.java:158)
	at org.openqa.selenium.remote.RemoteWebDriver.execute(RemoteWebDriver.java:595)
	at io.appium.java_client.DefaultGenericMobileDriver.execute(DefaultGenericMobileDriver.java:27)
	at io.appium.java_client.AppiumDriver.execute(AppiumDriver.java:1)
	at io.appium.java_client.android.AndroidDriver.execute(AndroidDriver.java:1)
	at org.openqa.selenium.remote.RemoteWebDriver.findElement(RemoteWebDriver.java:348)
	at io.appium.java_client.android.AndroidDriver.findElementByAndroidUIAutomator(AndroidDriver.java:266)
	at io.appium.java_client.android.AndroidDriver.scrollTo(AndroidDriver.java:63)
	at com.mo2o.Iberostar.testcases.SmokeTest.reservaHotelEMEATarjeta(SmokeTest.java:40)
... Removed 28 stack frames]]>
    </failure>
  </testcase> <!-- reservaHotelEMEATarjeta -->
</testsuite> <!-- Smoketest -->
